2025-10-28 11:39:13, MOVE, v:1, k:poo@motouber, mode:PICK
2025-10-28 11:39:15, EXEC, v:1, k:poo@motouber, mode:FULL, rate:0, size:23
2025-10-28 11:46:27, EXEC, v:1, k:poo@motouber, mode:FULL, rate:0, size:183
2025-10-28 11:46:28, EXEC, v:1, k:poo@motouber, mode:FULL, rate:0
2025-10-28 11:54:41, EXEC, v:1, k:poo@motouber, mode:FULL, rate:0
2025-10-28 12:00:48, EXEC, v:1, k:poo@motouber, mode:FULL, rate:0
2025-10-28 12:03:33, EXEC, v:1, k:poo@motouber, mode:FULL, rate:0, size:168
2025-10-28 12:05:30, EXEC, v:1, k:poo@motouber, mode:FULL, rate:0, size:168
2025-10-28 12:06:38, EXEC, v:1, k:poo@motouber, mode:FULL, rate:12, size:168
2025-10-28 12:08:27, EXEC, v:1, k:poo@motouber, mode:FULL, rate:12
2025-10-28 12:08:35, EXEC, v:1, k:poo@motouber, mode:FULL, rate:25, size:163
2025-10-28 12:10:03, EXEC, v:1, k:poo@motouber, mode:FULL, rate:25
2025-10-28 12:10:11, EXEC, v:1, k:poo@motouber, mode:FULL, rate:37, size:160
2025-10-28 12:11:16, EXEC, v:1, k:poo@motouber, mode:FULL, rate:37, size:158
2025-10-28 12:11:17, EXEC, v:1, k:poo@motouber, mode:FULL, rate:37
2025-10-28 12:16:15, EXEC, v:1, k:poo@motouber, mode:FULL, rate:50, size:156
2025-10-28 12:20:47, EXEC, v:1, k:poo@motouber, mode:FULL, rate:50
2025-10-28 12:21:37, EXEC, v:1, k:poo@motouber, mode:FULL, rate:0, size:145
2025-10-28 12:21:55, EXEC, v:1, k:poo@motouber, mode:FULL, rate:0, size:145
2025-10-28 12:21:57, EXEC, v:1, k:poo@motouber, mode:FULL, rate:0
2025-10-28 12:22:43, EXEC, v:1, k:poo@motouber, mode:FULL, rate:0, size:146
2025-10-28 12:23:22, EXEC, v:1, k:poo@motouber, mode:FULL, rate:0, size:146
2025-10-28 12:23:23, EXEC, v:1, k:poo@motouber, mode:FULL, rate:0
2025-10-28 12:25:16, EXEC, v:1, k:poo@motouber, mode:FULL, rate:0, size:147
2025-10-28 12:25:17, EXEC, v:1, k:poo@motouber, mode:FULL, rate:0
2025-10-28 12:27:43, EXEC, v:1, k:poo@motouber, mode:FULL, rate:0, size:145
2025-10-28 12:27:45, EXEC, v:1, k:poo@motouber, mode:FULL, rate:0
2025-10-28 12:27:50, EXEC, v:1, k:poo@motouber, mode:FULL, rate:0
2025-10-28 12:27:51, EXEC, v:1, k:poo@motouber, mode:FULL, rate:0
2025-10-28 12:27:51, EXEC, v:1, k:poo@motouber, mode:FULL, rate:0
2025-10-28 12:27:52, EXEC, v:1, k:poo@motouber, mode:FULL, rate:0
2025-10-28 12:27:52, EXEC, v:1, k:poo@motouber, mode:FULL, rate:0
2025-10-28 12:35:48, EXEC, v:1, k:poo@motouber, mode:FULL, rate:100, size:145
2025-10-28 12:35:52, MOVE, v:1, k:poo@motouber, mode:BACK
2025-10-28 12:36:33, SELF, v:1, k:poo@motouber, rate:100, iagen:s, alone:7, study:90
2025-10-28 12:38:38, MOVE, v:1, k:poo@grafite, mode:PICK
2025-10-28 12:38:40, EXEC, v:1, k:poo@grafite, mode:FULL, rate:0, size:0
2025-10-28 12:41:32, EXEC, v:1, k:poo@grafite, mode:FULL, rate:0, size:5
2025-10-28 12:41:41, EXEC, v:1, k:poo@grafite, mode:FULL, rate:0, size:8
2025-10-28 12:41:57, EXEC, v:1, k:poo@grafite, mode:FULL, rate:0, size:10
2025-10-28 12:42:15, EXEC, v:1, k:poo@grafite, mode:FULL, rate:0, size:12
2025-10-28 12:42:25, MOVE, v:1, k:poo@grafite, mode:BACK
2025-10-28 12:42:41, MOVE, v:1, k:poo@grafite, mode:PICK
2025-10-28 12:42:42, EXEC, v:1, k:poo@grafite, mode:FULL, rate:0
2025-10-28 12:43:31, EXEC, v:1, k:poo@grafite, mode:FULL, rate:0, size:15
2025-10-28 12:47:22, EXEC, v:1, k:poo@grafite, mode:FULL, rate:0, size:66
2025-10-28 12:48:57, EXEC, v:1, k:poo@grafite, mode:FULL, rate:0, size:71
2025-10-28 12:49:04, MOVE, v:1, k:poo@grafite, mode:BACK
2025-10-28 12:49:10, MOVE, v:1, k:poo@grafite, mode:PICK
2025-10-28 12:49:13, EXEC, v:1, k:poo@grafite, mode:FULL, rate:0
2025-10-28 12:51:33, MOVE, v:1, k:poo@grafite, mode:BACK
2025-10-28 12:51:42, MOVE, v:1, k:poo@grafite, mode:PICK
2025-10-28 12:51:43, EXEC, v:1, k:poo@grafite, mode:FULL, rate:0, size:82
2025-10-28 12:53:22, EXEC, v:1, k:poo@grafite, mode:FULL, rate:0
2025-10-28 12:53:40, MOVE, v:1, k:poo@grafite, mode:BACK
2025-10-28 12:54:31, MOVE, v:1, k:poo@grafite, mode:PICK
2025-10-28 12:54:33, EXEC, v:1, k:poo@grafite, mode:FULL, rate:0, size:86
2025-10-28 12:54:44, MOVE, v:1, k:poo@grafite, mode:BACK
2025-10-28 12:57:10, MOVE, v:1, k:poo@grafite, mode:PICK
2025-10-28 12:57:12, EXEC, v:1, k:poo@grafite, mode:FULL, rate:0, size:90
2025-10-28 12:57:13, EXEC, v:1, k:poo@grafite, mode:FULL, rate:0
2025-10-28 12:57:15, EXEC, v:1, k:poo@grafite, mode:FULL, rate:0
2025-10-28 12:58:26, EXEC, v:1, k:poo@grafite, mode:FULL, rate:10, size:94
2025-10-28 12:58:56, EXEC, v:1, k:poo@grafite, mode:FULL, rate:10, size:93
2025-10-28 12:59:14, MOVE, v:1, k:poo@grafite, mode:BACK
2025-10-28 13:02:50, MOVE, v:1, k:poo@grafite, mode:PICK
2025-10-28 13:02:52, EXEC, v:1, k:poo@grafite, mode:FULL, rate:40, size:103
2025-10-28 13:02:58, MOVE, v:1, k:poo@grafite, mode:BACK
