2025-10-27 21:23:46, MOVE, v:1, k:poo@grafite, mode:DOWN
2025-10-27 21:23:59, MOVE, v:1, k:poo@motoca, mode:DOWN
2025-10-27 21:30:31, MOVE, v:1, k:poo@motouber, mode:DOWN
2025-10-27 21:30:31, MOVE, v:1, k:poo@motouber, mode:PICK
2025-10-27 21:30:32, EXEC, v:1, k:poo@motouber, mode:FULL, rate:0, size:0
2025-10-27 21:30:33, EXEC, v:1, k:poo@motouber, mode:FULL, rate:0
2025-10-27 21:30:34, EXEC, v:1, k:poo@motouber, mode:FULL, rate:0
2025-10-27 21:30:35, EXEC, v:1, k:poo@motouber, mode:FULL, rate:0
2025-10-27 21:30:36, EXEC, v:1, k:poo@motouber, mode:FULL, rate:0
2025-10-27 21:30:37, EXEC, v:1, k:poo@motouber, mode:FULL, rate:0
2025-10-27 21:30:38, EXEC, v:1, k:poo@motouber, mode:FULL, rate:0
2025-10-27 21:30:38, EXEC, v:1, k:poo@motouber, mode:FULL, rate:0
2025-10-27 21:30:39, EXEC, v:1, k:poo@motouber, mode:FULL, rate:0
2025-10-27 21:30:40, EXEC, v:1, k:poo@motouber, mode:FULL, rate:0
2025-10-27 21:30:41, EXEC, v:1, k:poo@motouber, mode:FULL, rate:0
2025-10-27 21:30:42, EXEC, v:1, k:poo@motouber, mode:FULL, rate:0
2025-10-27 21:30:43, EXEC, v:1, k:poo@motouber, mode:FULL, rate:0
2025-10-27 21:30:44, EXEC, v:1, k:poo@motouber, mode:FULL, rate:0
2025-10-27 21:30:44, EXEC, v:1, k:poo@motouber, mode:FULL, rate:0
2025-10-27 21:30:45, EXEC, v:1, k:poo@motouber, mode:FULL, rate:0
2025-10-27 21:30:46, EXEC, v:1, k:poo@motouber, mode:FULL, rate:0
2025-10-27 21:30:47, EXEC, v:1, k:poo@motouber, mode:FULL, rate:0
2025-10-27 21:30:48, EXEC, v:1, k:poo@motouber, mode:FULL, rate:0
2025-10-27 21:30:48, EXEC, v:1, k:poo@motouber, mode:FULL, rate:0
2025-10-27 21:30:49, EXEC, v:1, k:poo@motouber, mode:FULL, rate:0
2025-10-27 21:30:54, MOVE, v:1, k:poo@motouber, mode:PICK
2025-10-27 21:30:57, MOVE, v:1, k:poo@motouber, mode:BACK
2025-10-27 21:32:34, MOVE, v:1, k:poo@motoca, mode:PICK
2025-10-27 21:32:37, EXEC, v:1, k:poo@motoca, mode:FULL, rate:0, size:0
2025-10-27 21:32:43, MOVE, v:1, k:poo@motoca, mode:BACK
2025-10-27 22:38:53, MOVE, v:1, k:poo@motoca, mode:PICK
2025-10-27 22:38:56, EXEC, v:1, k:poo@motoca, mode:FULL, rate:0
2025-10-27 22:39:01, EXEC, v:1, k:poo@motoca, mode:FULL, rate:0, size:143
2025-10-27 22:40:42, EXEC, v:1, k:poo@motoca, mode:FULL, rate:0, size:143
2025-10-27 22:42:05, EXEC, v:1, k:poo@motoca, mode:FULL, rate:0, size:143
2025-10-27 22:42:06, EXEC, v:1, k:poo@motoca, mode:FULL, rate:0
2025-10-27 22:43:02, EXEC, v:1, k:poo@motoca, mode:FULL, rate:0, size:143
2025-10-27 22:43:03, EXEC, v:1, k:poo@motoca, mode:FULL, rate:0
2025-10-27 22:47:57, EXEC, v:1, k:poo@motoca, mode:FULL, rate:0, size:143
2025-10-27 22:47:58, EXEC, v:1, k:poo@motoca, mode:FULL, rate:0
2025-10-27 22:52:13, EXEC, v:1, k:poo@motoca, mode:FULL, rate:0, size:142
2025-10-27 22:53:27, EXEC, v:1, k:poo@motoca, mode:FULL, rate:0, size:142
2025-10-27 22:53:29, EXEC, v:1, k:poo@motoca, mode:FULL, rate:0
2025-10-27 22:53:34, EXEC, v:1, k:poo@motoca, mode:FULL, rate:0
2025-10-27 22:53:35, EXEC, v:1, k:poo@motoca, mode:FULL, rate:0
2025-10-27 22:54:09, EXEC, v:1, k:poo@motoca, mode:FULL, rate:0, size:142
2025-10-27 22:54:11, EXEC, v:1, k:poo@motoca, mode:FULL, rate:0
2025-10-27 22:54:55, EXEC, v:1, k:poo@motoca, mode:FULL, rate:0, size:142
2025-10-27 22:55:34, EXEC, v:1, k:poo@motoca, mode:FULL, rate:0, size:143
2025-10-27 22:55:54, EXEC, v:1, k:poo@motoca, mode:FULL, rate:0, size:143
2025-10-27 23:02:37, EXEC, v:1, k:poo@motoca, mode:FULL, rate:0, size:151
2025-10-27 23:02:39, EXEC, v:1, k:poo@motoca, mode:FULL, rate:0
2025-10-27 23:06:29, EXEC, v:1, k:poo@motoca, mode:FULL, rate:6, size:155
2025-10-27 23:07:17, EXEC, v:1, k:poo@motoca, mode:FULL, rate:6, size:155
2025-10-27 23:07:55, EXEC, v:1, k:poo@motoca, mode:FULL, rate:33, size:155
2025-10-27 23:09:09, EXEC, v:1, k:poo@motoca, mode:FULL, rate:40, size:159
2025-10-27 23:10:55, EXEC, v:1, k:poo@motoca, mode:FULL, rate:60, size:160
2025-10-27 23:16:05, EXEC, v:1, k:poo@motoca, mode:FULL, rate:73, size:180
2025-10-27 23:17:39, EXEC, v:1, k:poo@motoca, mode:FULL, rate:93, size:180
2025-10-27 23:19:08, EXEC, v:1, k:poo@motoca, mode:FULL, rate:100, size:183
2025-10-27 23:19:16, MOVE, v:1, k:poo@motoca, mode:BACK
2025-10-27 23:19:26, SELF, v:1, k:poo@motoca, rate:100
2025-10-27 23:21:33, SELF, v:1, k:poo@motoca, rate:100, iagen:s, other:s, alone:8, study:120
